<?xml version="1.0" encoding="UTF-8"?>
<testsuites>
  <testsuite name="FHusquinet Test Suite" tests="25" assertions="56" errors="0" failures="1" skipped="0" time="0.476249">
    <testsuite name="FHusquinet\CampaignActivityTracker\Tests\CampaignActivityTrackerTest" file="/Users/florianhusquinet/Work/packages/laravel-campaign-activity-tracker/tests/CampaignActivityTrackerTest.php" tests="12" assertions="14" errors="0" failures="0" skipped="0" time="0.243627">
      <testcase name="it_can_create_an_activity" class="FHusquinet\CampaignActivityTracker\Tests\CampaignActivityTrackerTest" classname="FHusquinet.CampaignActivityTracker.Tests.CampaignActivityTrackerTest" file="/Users/florianhusquinet/Work/packages/laravel-campaign-activity-tracker/tests/CampaignActivityTrackerTest.php" line="15" assertions="1" time="0.072130"/>
      <testcase name="it_can_create_an_activity_with_the_event_responsible_for_the_tracking" class="FHusquinet\CampaignActivityTracker\Tests\CampaignActivityTrackerTest" classname="FHusquinet.CampaignActivityTracker.Tests.CampaignActivityTrackerTest" file="/Users/florianhusquinet/Work/packages/laravel-campaign-activity-tracker/tests/CampaignActivityTrackerTest.php" line="29" assertions="1" time="0.013938"/>
      <testcase name="it_will_not_create_an_activity_if_marked_as_disabled" class="FHusquinet\CampaignActivityTracker\Tests\CampaignActivityTrackerTest" classname="FHusquinet.CampaignActivityTracker.Tests.CampaignActivityTrackerTest" file="/Users/florianhusquinet/Work/packages/laravel-campaign-activity-tracker/tests/CampaignActivityTrackerTest.php" line="44" assertions="1" time="0.013241"/>
      <testcase name="the_authed_user_will_be_set_as_the_causer_when_creating_an_activity" class="FHusquinet\CampaignActivityTracker\Tests\CampaignActivityTrackerTest" classname="FHusquinet.CampaignActivityTracker.Tests.CampaignActivityTrackerTest" file="/Users/florianhusquinet/Work/packages/laravel-campaign-activity-tracker/tests/CampaignActivityTrackerTest.php" line="55" assertions="1" time="0.018072"/>
      <testcase name="a_causer_can_be_set_when_creating_an_activity" class="FHusquinet\CampaignActivityTracker\Tests\CampaignActivityTrackerTest" classname="FHusquinet.CampaignActivityTracker.Tests.CampaignActivityTrackerTest" file="/Users/florianhusquinet/Work/packages/laravel-campaign-activity-tracker/tests/CampaignActivityTrackerTest.php" line="72" assertions="1" time="0.015605"/>
      <testcase name="a_causer_can_be_set_using_the_short_named_method_when_creating_an_activity" class="FHusquinet\CampaignActivityTracker\Tests\CampaignActivityTrackerTest" classname="FHusquinet.CampaignActivityTracker.Tests.CampaignActivityTrackerTest" file="/Users/florianhusquinet/Work/packages/laravel-campaign-activity-tracker/tests/CampaignActivityTrackerTest.php" line="88" assertions="1" time="0.014955"/>
      <testcase name="a_performed_on_model_can_be_set_when_creating_an_activity" class="FHusquinet\CampaignActivityTracker\Tests\CampaignActivityTrackerTest" classname="FHusquinet.CampaignActivityTracker.Tests.CampaignActivityTrackerTest" file="/Users/florianhusquinet/Work/packages/laravel-campaign-activity-tracker/tests/CampaignActivityTrackerTest.php" line="104" assertions="1" time="0.016190"/>
      <testcase name="a_performed_on_model_can_be_set_using_the_short_named_method_when_creating_an_activity" class="FHusquinet\CampaignActivityTracker\Tests\CampaignActivityTrackerTest" classname="FHusquinet.CampaignActivityTracker.Tests.CampaignActivityTrackerTest" file="/Users/florianhusquinet/Work/packages/laravel-campaign-activity-tracker/tests/CampaignActivityTrackerTest.php" line="120" assertions="1" time="0.016055"/>
      <testcase name="it_will_return_the_activity_model_when_creating_one" class="FHusquinet\CampaignActivityTracker\Tests\CampaignActivityTrackerTest" classname="FHusquinet.CampaignActivityTracker.Tests.CampaignActivityTrackerTest" file="/Users/florianhusquinet/Work/packages/laravel-campaign-activity-tracker/tests/CampaignActivityTrackerTest.php" line="136" assertions="1" time="0.013882"/>
      <testcase name="it_can_track_one_campaign_using_the_session" class="FHusquinet\CampaignActivityTracker\Tests\CampaignActivityTrackerTest" classname="FHusquinet.CampaignActivityTracker.Tests.CampaignActivityTrackerTest" file="/Users/florianhusquinet/Work/packages/laravel-campaign-activity-tracker/tests/CampaignActivityTrackerTest.php" line="146" assertions="1" time="0.015814"/>
      <testcase name="it_can_track_multiple_campaign_using_the_session" class="FHusquinet\CampaignActivityTracker\Tests\CampaignActivityTrackerTest" classname="FHusquinet.CampaignActivityTracker.Tests.CampaignActivityTrackerTest" file="/Users/florianhusquinet/Work/packages/laravel-campaign-activity-tracker/tests/CampaignActivityTrackerTest.php" line="161" assertions="2" time="0.016628"/>
      <testcase name="tracking_a_campaign_will_return_a_collection_containing_the_activities" class="FHusquinet\CampaignActivityTracker\Tests\CampaignActivityTrackerTest" classname="FHusquinet.CampaignActivityTracker.Tests.CampaignActivityTrackerTest" file="/Users/florianhusquinet/Work/packages/laravel-campaign-activity-tracker/tests/CampaignActivityTrackerTest.php" line="182" assertions="2" time="0.017117"/>
    </testsuite>
    <testsuite name="FHusquinet\CampaignActivityTracker\Tests\CausesCampaignActivityTraitTest" file="/Users/florianhusquinet/Work/packages/laravel-campaign-activity-tracker/tests/CausesCampaignActivityTraitTest.php" tests="2" assertions="5" errors="0" failures="0" skipped="0" time="0.046035">
      <testcase name="a_model_can_access_the_campaign_activities_he_caused" class="FHusquinet\CampaignActivityTracker\Tests\CausesCampaignActivityTraitTest" classname="FHusquinet.CampaignActivityTracker.Tests.CausesCampaignActivityTraitTest" file="/Users/florianhusquinet/Work/packages/laravel-campaign-activity-tracker/tests/CausesCampaignActivityTraitTest.php" line="34" assertions="3" time="0.026648"/>
      <testcase name="a_model_can_access_his_last_campaign_activity" class="FHusquinet\CampaignActivityTracker\Tests\CausesCampaignActivityTraitTest" classname="FHusquinet.CampaignActivityTracker.Tests.CausesCampaignActivityTraitTest" file="/Users/florianhusquinet/Work/packages/laravel-campaign-activity-tracker/tests/CausesCampaignActivityTraitTest.php" line="49" assertions="2" time="0.019387"/>
    </testsuite>
    <testsuite name="FHusquinet\CampaignActivityTracker\Tests\TrackCampaignsMiddlewareTest" file="/Users/florianhusquinet/Work/packages/laravel-campaign-activity-tracker/tests/TrackCampaignsMiddlewareTest.php" tests="3" assertions="5" errors="0" failures="1" skipped="0" time="0.042220">
      <testcase name="visiting_an_url_with_utm_get_parameters_will_store_them_in_session" class="FHusquinet\CampaignActivityTracker\Tests\TrackCampaignsMiddlewareTest" classname="FHusquinet.CampaignActivityTracker.Tests.TrackCampaignsMiddlewareTest" file="/Users/florianhusquinet/Work/packages/laravel-campaign-activity-tracker/tests/TrackCampaignsMiddlewareTest.php" line="19" assertions="1" time="0.015099"/>
      <testcase name="visiting_an_url_with_utm_get_parameters_will_store_them_in_session_along_with_existing_campaigns" class="FHusquinet\CampaignActivityTracker\Tests\TrackCampaignsMiddlewareTest" classname="FHusquinet.CampaignActivityTracker.Tests.TrackCampaignsMiddlewareTest" file="/Users/florianhusquinet/Work/packages/laravel-campaign-activity-tracker/tests/TrackCampaignsMiddlewareTest.php" line="37" assertions="3" time="0.014112"/>
      <testcase name="visiting_an_url_with_not_utm_get_parameters_will_not_store_them_in_session" class="FHusquinet\CampaignActivityTracker\Tests\TrackCampaignsMiddlewareTest" classname="FHusquinet.CampaignActivityTracker.Tests.TrackCampaignsMiddlewareTest" file="/Users/florianhusquinet/Work/packages/laravel-campaign-activity-tracker/tests/TrackCampaignsMiddlewareTest.php" line="62" assertions="1" time="0.013009">
        <failure type="PHPUnit\Framework\ExpectationFailedException">FHusquinet\CampaignActivityTracker\Tests\TrackCampaignsMiddlewareTest::visiting_an_url_with_not_utm_get_parameters_will_not_store_them_in_session
Failed asserting that true is false.

/Users/florianhusquinet/Work/packages/laravel-campaign-activity-tracker/tests/TrackCampaignsMiddlewareTest.php:74
</failure>
      </testcase>
    </testsuite>
    <testsuite name="FHusquinet\CampaignActivityTracker\Tests\TracksCampaignActivityTraitTest" file="/Users/florianhusquinet/Work/packages/laravel-campaign-activity-tracker/tests/TracksCampaignActivityTraitTest.php" tests="8" assertions="32" errors="0" failures="0" skipped="0" time="0.144367">
      <testcase name="a_model_has_tracking_enabled_by_default" class="FHusquinet\CampaignActivityTracker\Tests\TracksCampaignActivityTraitTest" classname="FHusquinet.CampaignActivityTracker.Tests.TracksCampaignActivityTraitTest" file="/Users/florianhusquinet/Work/packages/laravel-campaign-activity-tracker/tests/TracksCampaignActivityTraitTest.php" line="29" assertions="2" time="0.013976"/>
      <testcase name="a_model_can_disable_and_enable_tracking" class="FHusquinet\CampaignActivityTracker\Tests\TracksCampaignActivityTraitTest" classname="FHusquinet.CampaignActivityTracker.Tests.TracksCampaignActivityTraitTest" file="/Users/florianhusquinet/Work/packages/laravel-campaign-activity-tracker/tests/TracksCampaignActivityTraitTest.php" line="35" assertions="3" time="0.011756"/>
      <testcase name="a_model_will_be_tracked_when_created_updated_and_deleted" class="FHusquinet\CampaignActivityTracker\Tests\TracksCampaignActivityTraitTest" classname="FHusquinet.CampaignActivityTracker.Tests.TracksCampaignActivityTraitTest" file="/Users/florianhusquinet/Work/packages/laravel-campaign-activity-tracker/tests/TracksCampaignActivityTraitTest.php" line="45" assertions="7" time="0.020743"/>
      <testcase name="a_model_will_be_tracked_when_created_updated_and_deleted_and_if_he_wants_to_be" class="FHusquinet\CampaignActivityTracker\Tests\TracksCampaignActivityTraitTest" classname="FHusquinet.CampaignActivityTracker.Tests.TracksCampaignActivityTraitTest" file="/Users/florianhusquinet/Work/packages/laravel-campaign-activity-tracker/tests/TracksCampaignActivityTraitTest.php" line="66" assertions="7" time="0.020953"/>
      <testcase name="a_model_can_defined_on_which_events_he_wants_to_be_tracked" class="FHusquinet\CampaignActivityTracker\Tests\TracksCampaignActivityTraitTest" classname="FHusquinet.CampaignActivityTracker.Tests.TracksCampaignActivityTraitTest" file="/Users/florianhusquinet/Work/packages/laravel-campaign-activity-tracker/tests/TracksCampaignActivityTraitTest.php" line="91" assertions="6" time="0.019555"/>
      <testcase name="a_model_will_not_be_tracked_if_the_tracked_is_disabled" class="FHusquinet\CampaignActivityTracker\Tests\TracksCampaignActivityTraitTest" classname="FHusquinet.CampaignActivityTracker.Tests.TracksCampaignActivityTraitTest" file="/Users/florianhusquinet/Work/packages/laravel-campaign-activity-tracker/tests/TracksCampaignActivityTraitTest.php" line="117" assertions="2" time="0.015522"/>
      <testcase name="a_model_can_access_his_campaign_activities" class="FHusquinet\CampaignActivityTracker\Tests\TracksCampaignActivityTraitTest" classname="FHusquinet.CampaignActivityTracker.Tests.TracksCampaignActivityTraitTest" file="/Users/florianhusquinet/Work/packages/laravel-campaign-activity-tracker/tests/TracksCampaignActivityTraitTest.php" line="128" assertions="3" time="0.021023"/>
      <testcase name="a_model_can_access_his_last_campaign_activity" class="FHusquinet\CampaignActivityTracker\Tests\TracksCampaignActivityTraitTest" classname="FHusquinet.CampaignActivityTracker.Tests.TracksCampaignActivityTraitTest" file="/Users/florianhusquinet/Work/packages/laravel-campaign-activity-tracker/tests/TracksCampaignActivityTraitTest.php" line="140" assertions="2" time="0.020839"/>
    </testsuite>
  </testsuite>
</testsuites>
